2021-01-24 12:26:35:2635 [31merror[39m: [31mThis is an error log[39m
2021-01-24 12:26:35:2635 [33mwarn[39m: [33mThis is a warn log[39m
2021-01-24 12:26:35:2635 [32minfo[39m: [32mThis is a info log[39m
2021-01-24 12:26:35:2635 [35mhttp[39m: [35mThis is a http log[39m
2021-01-24 12:26:35:2635 [37mdebug[39m: [37mThis is a debug log[39m
2021-01-24 12:26:56:2656 [31merror[39m: [31mThis is an error log[39m
2021-01-24 12:26:56:2656 [33mwarn[39m: [33mThis is a warn log[39m
2021-01-24 12:26:56:2656 [32minfo[39m: [32mThis is a info log[39m
2021-01-24 12:26:56:2656 [35mhttp[39m: [35mThis is a http log[39m
2021-01-24 12:26:56:2656 [37mdebug[39m: [37mThis is a debug log[39m
2021-01-24 12:37:54:3754 [31merror[39m: [31mThis is an error log[39m
2021-01-24 12:37:54:3754 [33mwarn[39m: [33mThis is a warn log[39m
2021-01-24 12:37:54:3754 [32minfo[39m: [32mThis is a info log[39m
2021-01-24 12:37:54:3754 [35mhttp[39m: [35mThis is a http log[39m
2021-01-24 12:37:54:3754 [37mdebug[39m: [37mThis is a debug log[39m
2021-01-24 12:40:12:4012 [31merror[39m: [31mThis is an error log[39m
2021-01-24 12:40:12:4012 [33mwarn[39m: [33mThis is a warn log[39m
2021-01-24 12:40:12:4012 [32minfo[39m: [32mThis is a info log[39m
2021-01-24 12:40:12:4012 [35mhttp[39m: [35mThis is a http log[39m
2021-01-24 12:40:12:4012 [37mdebug[39m: [37mThis is a debug log[39m
2021-01-24 12:43:03:433 [31merror[39m: [31mThis is an error log[39m
2021-01-24 12:43:03:433 [33mwarn[39m: [33mThis is a warn log[39m
2021-01-24 12:43:03:433 [32minfo[39m: [32mThis is a info log[39m
2021-01-24 12:43:03:433 [35mhttp[39m: [35mThis is a http log[39m
2021-01-24 12:43:03:433 [37mdebug[39m: [37mThis is a debug log[39m
2021-01-24 12:43:16:4316 [31merror[39m: [31mThis is an error log[39m
2021-01-24 12:43:16:4316 [33mwarn[39m: [33mThis is a warn log[39m
2021-01-24 12:43:16:4316 [32minfo[39m: [32mThis is a info log[39m
2021-01-24 12:43:16:4316 [35mhttp[39m: [35mThis is a http log[39m
2021-01-24 12:43:16:4316 [37mdebug[39m: [37mThis is a debug log[39m
2021-01-24 12:43:36:4336 [31merror[39m: [31mThis is an error log[39m
2021-01-24 12:43:36:4336 [33mwarn[39m: [33mThis is a warn log[39m
2021-01-24 12:43:36:4336 [32minfo[39m: [32mThis is a info log[39m
2021-01-24 12:43:36:4336 [35mhttp[39m: [35mThis is a http log[39m
2021-01-24 12:43:36:4336 [37mdebug[39m: [37mThis is a debug log[39m
2021-01-24 12:43:59:4359 [31merror[39m: [31mThis is an error log[39m
2021-01-24 12:43:59:4359 [33mwarn[39m: [33mThis is a warn log[39m
2021-01-24 12:43:59:4359 [32minfo[39m: [32mThis is a info log[39m
2021-01-24 12:43:59:4359 [35mhttp[39m: [35mThis is a http log[39m
2021-01-24 12:43:59:4359 [37mdebug[39m: [37mThis is a debug log[39m
2021-01-24 12:44:15:4415 [31merror[39m: [31mThis is an error log[39m
2021-01-24 12:44:15:4415 [33mwarn[39m: [33mThis is a warn log[39m
2021-01-24 12:44:15:4415 [32minfo[39m: [32mThis is a info log[39m
2021-01-24 12:44:15:4415 [35mhttp[39m: [35mThis is a http log[39m
2021-01-24 12:44:15:4415 [37mdebug[39m: [37mThis is a debug log[39m
2021-01-24 12:46:10:4610 [31merror[39m: [31mThis is an error log[39m
2021-01-24 12:46:10:4610 [33mwarn[39m: [33mThis is a warn log[39m
2021-01-24 12:46:10:4610 [32minfo[39m: [32mThis is a info log[39m
2021-01-24 12:46:10:4610 [35mhttp[39m: [35mThis is a http log[39m
2021-01-24 12:46:10:4610 [37mdebug[39m: [37mThis is a debug log[39m
2021-01-24 12:48:54:4854 [31merror[39m: [31mThis is an error log[39m
2021-01-24 12:48:54:4854 [33mwarn[39m: [33mThis is a warn log[39m
2021-01-24 12:48:54:4854 [32minfo[39m: [32mThis is a info log[39m
2021-01-24 12:48:54:4854 [35mhttp[39m: [35mThis is a http log[39m
2021-01-24 12:48:54:4854 [37mdebug[39m: [37mThis is a debug log[39m
2021-01-24 12:49:13:4913 [31merror[39m: [31mThis is an error log[39m
2021-01-24 12:49:13:4913 [33mwarn[39m: [33mThis is a warn log[39m
2021-01-24 12:49:13:4913 [32minfo[39m: [32mThis is a info log[39m
2021-01-24 12:49:13:4913 [35mhttp[39m: [35mThis is a http log[39m
2021-01-24 12:49:13:4913 [37mdebug[39m: [37mThis is a debug log[39m
2021-01-24 12:49:35:4935 [31merror[39m: [31mThis is an error log[39m
2021-01-24 12:49:35:4935 [33mwarn[39m: [33mThis is a warn log[39m
2021-01-24 12:49:35:4935 [32minfo[39m: [32mThis is a info log[39m
2021-01-24 12:49:35:4935 [35mhttp[39m: [35mThis is a http log[39m
2021-01-24 12:49:35:4935 [37mdebug[39m: [37mThis is a debug log[39m
2021-01-24 12:59:43:5943 [31merror[39m: [31mThis is an error log[39m
2021-01-24 12:59:43:5943 [33mwarn[39m: [33mThis is a warn log[39m
2021-01-24 12:59:43:5943 [32minfo[39m: [32mThis is a info log[39m
2021-01-24 12:59:43:5943 [35mhttp[39m: [35mThis is a http log[39m
2021-01-24 12:59:43:5943 [37mdebug[39m: [37mThis is a debug log[39m
2021-01-24 13:00:56:056 [31merror[39m: [31mThis is an error log[39m
2021-01-24 13:00:56:056 [33mwarn[39m: [33mThis is a warn log[39m
2021-01-24 13:00:56:056 [32minfo[39m: [32mThis is a info log[39m
2021-01-24 13:00:56:056 [35mhttp[39m: [35mThis is a http log[39m
2021-01-24 13:00:56:056 [37mdebug[39m: [37mThis is a debug log[39m
2021-01-24 13:01:00:10 [31merror[39m: [31mThis is an error log[39m
2021-01-24 13:01:00:10 [33mwarn[39m: [33mThis is a warn log[39m
2021-01-24 13:01:00:10 [32minfo[39m: [32mThis is a info log[39m
2021-01-24 13:01:00:10 [35mhttp[39m: [35mThis is a http log[39m
2021-01-24 13:01:00:10 [37mdebug[39m: [37mThis is a debug log[39m
2021-01-24 13:01:19:119 [31merror[39m: [31mThis is an error log[39m
2021-01-24 13:01:19:119 [33mwarn[39m: [33mThis is a warn log[39m
2021-01-24 13:01:19:119 [32minfo[39m: [32mThis is a info log[39m
2021-01-24 13:01:19:119 [35mhttp[39m: [35mThis is a http log[39m
2021-01-24 13:01:19:119 [37mdebug[39m: [37mThis is a debug log[39m
2021-01-24 13:01:21:121 [31merror[39m: [31mThis is an error log[39m
2021-01-24 13:01:21:121 [33mwarn[39m: [33mThis is a warn log[39m
2021-01-24 13:01:21:121 [32minfo[39m: [32mThis is a info log[39m
2021-01-24 13:01:21:121 [35mhttp[39m: [35mThis is a http log[39m
2021-01-24 13:01:21:121 [37mdebug[39m: [37mThis is a debug log[39m
2021-01-24 13:01:42:142 [31merror[39m: [31mThis is an error log[39m
2021-01-24 13:01:42:142 [33mwarn[39m: [33mThis is a warn log[39m
2021-01-24 13:01:42:142 [32minfo[39m: [32mThis is a info log[39m
2021-01-24 13:01:42:142 [35mhttp[39m: [35mThis is a http log[39m
2021-01-24 13:01:42:142 [37mdebug[39m: [37mThis is a debug log[39m
2021-01-24 13:03:01:31 [31merror[39m: [31mThis is an error log[39m
2021-01-24 13:03:01:31 [33mwarn[39m: [33mThis is a warn log[39m
2021-01-24 13:03:01:31 [32minfo[39m: [32mThis is a info log[39m
2021-01-24 13:03:01:31 [35mhttp[39m: [35mThis is a http log[39m
2021-01-24 13:03:01:31 [37mdebug[39m: [37mThis is a debug log[39m
2021-01-24 13:03:30:330 [31merror[39m: [31mThis is an error log[39m
2021-01-24 13:03:30:330 [33mwarn[39m: [33mThis is a warn log[39m
2021-01-24 13:03:30:330 [32minfo[39m: [32mThis is a info log[39m
2021-01-24 13:03:30:330 [35mhttp[39m: [35mThis is a http log[39m
2021-01-24 13:03:30:330 [37mdebug[39m: [37mThis is a debug log[39m
2021-01-24 13:04:44:444 [31merror[39m: [31mThis is an error log[39m
2021-01-24 13:04:44:444 [33mwarn[39m: [33mThis is a warn log[39m
2021-01-24 13:04:44:444 [32minfo[39m: [32mThis is a info log[39m
2021-01-24 13:04:44:444 [35mhttp[39m: [35mThis is a http log[39m
2021-01-24 13:04:44:444 [37mdebug[39m: [37mThis is a debug log[39m
2021-01-24 13:05:26:526 [31merror[39m: [31mThis is an error log[39m
2021-01-24 13:05:26:526 [33mwarn[39m: [33mThis is a warn log[39m
2021-01-24 13:05:26:526 [32minfo[39m: [32mThis is a info log[39m
2021-01-24 13:05:26:526 [35mhttp[39m: [35mThis is a http log[39m
2021-01-24 13:05:26:526 [37mdebug[39m: [37mThis is a debug log[39m
2021-01-24 13:06:58:658 [31merror[39m: [31mThis is an error log[39m
2021-01-24 13:06:58:658 [33mwarn[39m: [33mThis is a warn log[39m
2021-01-24 13:06:58:658 [32minfo[39m: [32mThis is a info log[39m
2021-01-24 13:06:58:658 [35mhttp[39m: [35mThis is a http log[39m
2021-01-24 13:06:58:658 [37mdebug[39m: [37mThis is a debug log[39m
2021-01-24 13:07:12:712 [31merror[39m: [31mThis is an error log[39m
2021-01-24 13:07:12:712 [33mwarn[39m: [33mThis is a warn log[39m
2021-01-24 13:07:12:712 [32minfo[39m: [32mThis is a info log[39m
2021-01-24 13:07:12:712 [35mhttp[39m: [35mThis is a http log[39m
2021-01-24 13:07:12:712 [37mdebug[39m: [37mThis is a debug log[39m
2021-01-24 13:07:27:727 [31merror[39m: [31mThis is an error log[39m
2021-01-24 13:07:27:727 [33mwarn[39m: [33mThis is a warn log[39m
2021-01-24 13:07:27:727 [32minfo[39m: [32mThis is a info log[39m
2021-01-24 13:07:27:727 [35mhttp[39m: [35mThis is a http log[39m
2021-01-24 13:07:27:727 [37mdebug[39m: [37mThis is a debug log[39m
2021-01-24 13:07:30:730 [31merror[39m: [31mThis is an error log[39m
2021-01-24 13:07:30:730 [33mwarn[39m: [33mThis is a warn log[39m
2021-01-24 13:07:30:730 [32minfo[39m: [32mThis is a info log[39m
2021-01-24 13:07:30:730 [35mhttp[39m: [35mThis is a http log[39m
2021-01-24 13:07:30:730 [37mdebug[39m: [37mThis is a debug log[39m
2021-01-24 13:08:49:849 [31merror[39m: [31mThis is an error log[39m
2021-01-24 13:08:49:849 [33mwarn[39m: [33mThis is a warn log[39m
2021-01-24 13:08:49:849 [32minfo[39m: [32mThis is a info log[39m
2021-01-24 13:08:49:849 [35mhttp[39m: [35mThis is a http log[39m
2021-01-24 13:08:49:849 [37mdebug[39m: [37mThis is a debug log[39m
2021-01-24 13:09:02:92 [31merror[39m: [31mThis is an error log[39m
2021-01-24 13:09:02:92 [33mwarn[39m: [33mThis is a warn log[39m
2021-01-24 13:09:02:92 [32minfo[39m: [32mThis is a info log[39m
2021-01-24 13:09:02:92 [35mhttp[39m: [35mThis is a http log[39m
2021-01-24 13:09:02:92 [37mdebug[39m: [37mThis is a debug log[39m
2021-01-24 13:09:18:918 [31merror[39m: [31mThis is an error log[39m
2021-01-24 13:09:18:918 [33mwarn[39m: [33mThis is a warn log[39m
2021-01-24 13:09:18:918 [32minfo[39m: [32mThis is a info log[39m
2021-01-24 13:09:18:918 [35mhttp[39m: [35mThis is a http log[39m
2021-01-24 13:09:18:918 [37mdebug[39m: [37mThis is a debug log[39m
2021-01-24 13:09:29:929 [31merror[39m: [31mThis is an error log[39m
2021-01-24 13:09:29:929 [33mwarn[39m: [33mThis is a warn log[39m
2021-01-24 13:09:29:929 [32minfo[39m: [32mThis is a info log[39m
2021-01-24 13:09:29:929 [35mhttp[39m: [35mThis is a http log[39m
2021-01-24 13:09:29:929 [37mdebug[39m: [37mThis is a debug log[39m
2021-01-24 13:11:56:1156 [31merror[39m: [31mThis is an error log[39m
2021-01-24 13:11:56:1156 [33mwarn[39m: [33mThis is a warn log[39m
2021-01-24 13:11:56:1156 [32minfo[39m: [32mThis is a info log[39m
2021-01-24 13:11:56:1156 [35mhttp[39m: [35mThis is a http log[39m
2021-01-24 13:11:56:1156 [37mdebug[39m: [37mThis is a debug log[39m
2021-01-24 13:12:14:1214 [31merror[39m: [31mThis is an error log[39m
2021-01-24 13:12:14:1214 [33mwarn[39m: [33mThis is a warn log[39m
2021-01-24 13:12:14:1214 [32minfo[39m: [32mThis is a info log[39m
2021-01-24 13:12:14:1214 [35mhttp[39m: [35mThis is a http log[39m
2021-01-24 13:12:14:1214 [37mdebug[39m: [37mThis is a debug log[39m
2021-01-24 13:12:50:1250 [31merror[39m: [31mThis is an error log[39m
2021-01-24 13:12:50:1250 [33mwarn[39m: [33mThis is a warn log[39m
2021-01-24 13:12:50:1250 [32minfo[39m: [32mThis is a info log[39m
2021-01-24 13:12:50:1250 [35mhttp[39m: [35mThis is a http log[39m
2021-01-24 13:12:50:1250 [37mdebug[39m: [37mThis is a debug log[39m
2021-01-24 13:12:54:1254 [31merror[39m: [31mThis is an error log[39m
2021-01-24 13:12:54:1254 [33mwarn[39m: [33mThis is a warn log[39m
2021-01-24 13:12:54:1254 [32minfo[39m: [32mThis is a info log[39m
2021-01-24 13:12:54:1254 [35mhttp[39m: [35mThis is a http log[39m
2021-01-24 13:12:54:1254 [37mdebug[39m: [37mThis is a debug log[39m
2021-01-24 13:13:33:1333 [31merror[39m: [31mThis is an error log[39m
2021-01-24 13:13:33:1333 [33mwarn[39m: [33mThis is a warn log[39m
2021-01-24 13:13:33:1333 [32minfo[39m: [32mThis is a info log[39m
2021-01-24 13:13:33:1333 [35mhttp[39m: [35mThis is a http log[39m
2021-01-24 13:13:33:1333 [37mdebug[39m: [37mThis is a debug log[39m
2021-01-24 13:14:48:1448 [31merror[39m: [31mThis is an error log[39m
2021-01-24 13:14:48:1448 [33mwarn[39m: [33mThis is a warn log[39m
2021-01-24 13:14:48:1448 [32minfo[39m: [32mThis is a info log[39m
2021-01-24 13:14:48:1448 [35mhttp[39m: [35mThis is a http log[39m
2021-01-24 13:14:48:1448 [37mdebug[39m: [37mThis is a debug log[39m
2021-01-24 13:14:55:1455 [31merror[39m: [31mThis is an error log[39m
2021-01-24 13:14:55:1455 [33mwarn[39m: [33mThis is a warn log[39m
2021-01-24 13:14:55:1455 [32minfo[39m: [32mThis is a info log[39m
2021-01-24 13:14:55:1455 [35mhttp[39m: [35mThis is a http log[39m
2021-01-24 13:14:55:1455 [37mdebug[39m: [37mThis is a debug log[39m
2021-01-24 13:15:01:151 [31merror[39m: [31mThis is an error log[39m
2021-01-24 13:15:01:151 [33mwarn[39m: [33mThis is a warn log[39m
2021-01-24 13:15:01:151 [32minfo[39m: [32mThis is a info log[39m
2021-01-24 13:15:01:151 [35mhttp[39m: [35mThis is a http log[39m
2021-01-24 13:15:01:151 [37mdebug[39m: [37mThis is a debug log[39m
2021-01-24 13:15:03:153 [31merror[39m: [31mThis is an error log[39m
2021-01-24 13:15:03:153 [33mwarn[39m: [33mThis is a warn log[39m
2021-01-24 13:15:03:153 [32minfo[39m: [32mThis is a info log[39m
2021-01-24 13:15:03:153 [35mhttp[39m: [35mThis is a http log[39m
2021-01-24 13:15:03:153 [37mdebug[39m: [37mThis is a debug log[39m
2021-01-24 13:16:40:1640 [31merror[39m: [31mThis is an error log[39m
2021-01-24 13:16:40:1640 [33mwarn[39m: [33mThis is a warn log[39m
2021-01-24 13:16:40:1640 [32minfo[39m: [32mThis is a info log[39m
2021-01-24 13:16:40:1640 [35mhttp[39m: [35mThis is a http log[39m
2021-01-24 13:16:40:1640 [37mdebug[39m: [37mThis is a debug log[39m
2021-01-24 13:18:11:1811 [31merror[39m: [31mThis is an error log[39m
2021-01-24 13:18:11:1811 [33mwarn[39m: [33mThis is a warn log[39m
2021-01-24 13:18:11:1811 [32minfo[39m: [32mThis is a info log[39m
2021-01-24 13:18:11:1811 [35mhttp[39m: [35mThis is a http log[39m
2021-01-24 13:18:11:1811 [37mdebug[39m: [37mThis is a debug log[39m
2021-01-24 13:20:05:205 [31merror[39m: [31mThis is an error log[39m
2021-01-24 13:20:05:205 [33mwarn[39m: [33mThis is a warn log[39m
2021-01-24 13:20:05:205 [32minfo[39m: [32mThis is a info log[39m
2021-01-24 13:20:05:205 [35mhttp[39m: [35mThis is a http log[39m
2021-01-24 13:20:05:205 [37mdebug[39m: [37mThis is a debug log[39m
2021-01-24 13:21:02:212 [31merror[39m: [31mThis is an error log[39m
2021-01-24 13:21:02:212 [33mwarn[39m: [33mThis is a warn log[39m
2021-01-24 13:21:02:212 [32minfo[39m: [32mThis is a info log[39m
2021-01-24 13:21:02:212 [35mhttp[39m: [35mThis is a http log[39m
2021-01-24 13:21:02:212 [37mdebug[39m: [37mThis is a debug log[39m
2021-01-24 13:21:53:2153 [31merror[39m: [31mThis is an error log[39m
2021-01-24 13:21:53:2153 [33mwarn[39m: [33mThis is a warn log[39m
2021-01-24 13:21:53:2153 [32minfo[39m: [32mThis is a info log[39m
2021-01-24 13:21:53:2153 [35mhttp[39m: [35mThis is a http log[39m
2021-01-24 13:21:53:2153 [37mdebug[39m: [37mThis is a debug log[39m
2021-01-24 13:21:54:2154 [31merror[39m: [31mThis is an error log[39m
2021-01-24 13:21:54:2154 [33mwarn[39m: [33mThis is a warn log[39m
2021-01-24 13:21:54:2154 [32minfo[39m: [32mThis is a info log[39m
2021-01-24 13:21:54:2154 [35mhttp[39m: [35mThis is a http log[39m
2021-01-24 13:21:54:2154 [37mdebug[39m: [37mThis is a debug log[39m
2021-01-24 13:22:00:220 [31merror[39m: [31mThis is an error log[39m
2021-01-24 13:22:00:220 [33mwarn[39m: [33mThis is a warn log[39m
2021-01-24 13:22:00:220 [32minfo[39m: [32mThis is a info log[39m
2021-01-24 13:22:00:220 [35mhttp[39m: [35mThis is a http log[39m
2021-01-24 13:22:00:220 [37mdebug[39m: [37mThis is a debug log[39m
2021-01-24 13:22:02:222 [31merror[39m: [31mThis is an error log[39m
2021-01-24 13:22:02:222 [33mwarn[39m: [33mThis is a warn log[39m
2021-01-24 13:22:02:222 [32minfo[39m: [32mThis is a info log[39m
2021-01-24 13:22:02:222 [35mhttp[39m: [35mThis is a http log[39m
2021-01-24 13:22:02:222 [37mdebug[39m: [37mThis is a debug log[39m
2021-01-24 13:23:54:2354 [31merror[39m: [31mThis is an error log[39m
2021-01-24 13:23:54:2354 [33mwarn[39m: [33mThis is a warn log[39m
2021-01-24 13:23:54:2354 [32minfo[39m: [32mThis is a info log[39m
2021-01-24 13:23:54:2354 [35mhttp[39m: [35mThis is a http log[39m
2021-01-24 13:23:54:2354 [37mdebug[39m: [37mThis is a debug log[39m
2021-01-24 13:23:55:2355 [31merror[39m: [31mThis is an error log[39m
2021-01-24 13:23:55:2355 [33mwarn[39m: [33mThis is a warn log[39m
2021-01-24 13:23:55:2355 [32minfo[39m: [32mThis is a info log[39m
2021-01-24 13:23:55:2355 [35mhttp[39m: [35mThis is a http log[39m
2021-01-24 13:23:55:2355 [37mdebug[39m: [37mThis is a debug log[39m
2021-01-24 13:24:08:248 [31merror[39m: [31mThis is an error log[39m
2021-01-24 13:24:08:248 [33mwarn[39m: [33mThis is a warn log[39m
2021-01-24 13:24:08:248 [32minfo[39m: [32mThis is a info log[39m
2021-01-24 13:24:08:248 [35mhttp[39m: [35mThis is a http log[39m
2021-01-24 13:24:08:248 [37mdebug[39m: [37mThis is a debug log[39m
