2021-01-24 13:42:27:4227 [31merror[39m: [31mThis is an error log[39m
2021-01-24 13:42:27:4227 [33mwarn[39m: [33mThis is a warn log[39m
2021-01-24 13:42:27:4227 [32minfo[39m: [32mThis is a info log[39m
2021-01-24 13:42:27:4227 [35mhttp[39m: [35mThis is a http log[39m
2021-01-24 13:42:27:4227 [37mdebug[39m: [37mThis is a debug log[39m
2021-01-24 13:42:51:4251 -- [31merror[39m: [31mThis is an error log[39m
2021-01-24 13:42:51:4251 -- [33mwarn[39m: [33mThis is a warn log[39m
2021-01-24 13:42:51:4251 -- [32minfo[39m: [32mThis is a info log[39m
2021-01-24 13:42:51:4251 -- [35mhttp[39m: [35mThis is a http log[39m
2021-01-24 13:42:51:4251 -- [37mdebug[39m: [37mThis is a debug log[39m
2021-01-24 13:43:26:4326 -- error: This is an error log
2021-01-24 13:43:26:4326 -- warn: This is a warn log
2021-01-24 13:43:26:4326 -- info: This is a info log
2021-01-24 13:43:26:4326 -- http: This is a http log
2021-01-24 13:43:26:4326 -- debug: This is a debug log
24pmte: 2021-01-24  13our: 13:44:50:4450 -- error: This is an error log
24pmte: 2021-01-24  13our: 13:44:50:4450 -- warn: This is a warn log
24pmte: 2021-01-24  13our: 13:44:50:4450 -- info: This is a info log
24pmte: 2021-01-24  13our: 13:44:50:4450 -- http: This is a http log
24pmte: 2021-01-24  13our: 13:44:50:4450 -- debug: This is a debug log
2021-01-24 -- 13:45:38:4538 -- error: This is an error log
2021-01-24 -- 13:45:38:4538 -- warn: This is a warn log
2021-01-24 -- 13:45:38:4538 -- info: This is a info log
2021-01-24 -- 13:45:38:4538 -- http: This is a http log
2021-01-24 -- 13:45:38:4538 -- debug: This is a debug log
2021-01-24 -- 13:46:58:4658 -- E: This is an error log
2021-01-24 -- 13:46:58:4658 -- W: This is a warn log
2021-01-24 -- 13:46:58:4658 -- I: This is a info log
2021-01-24 -- 13:46:58:4658 -- H: This is a http log
2021-01-24 -- 13:46:58:4658 -- D: This is a debug log
2021-01-24 -- 13:47:48:4748 -- Error: This is an error log
2021-01-24 -- 13:47:48:4748 -- Warn: This is a warn log
2021-01-24 -- 13:47:48:4748 -- Info: This is a info log
2021-01-24 -- 13:47:48:4748 -- Http: This is a http log
2021-01-24 -- 13:47:48:4748 -- Debug: This is a debug log
2021-01-24 -- 13:48:14:4814 -- error: This is an error log
2021-01-24 -- 13:48:14:4814 -- warn: This is a warn log
2021-01-24 -- 13:48:14:4814 -- info: This is a info log
2021-01-24 -- 13:48:14:4814 -- http: This is a http log
2021-01-24 -- 13:48:14:4814 -- debug: This is a debug log
